Arguments: 
  C:\Program Files\nodejs\node.exe C:\Program Files\nodejs\node_modules\yarn\bin\yarn.js init

PATH: 
  C:\Program Files\PowerShell\7;C:\Program Files (x86)\VMware\VMware Workstation\bin\;C:\Python311\Scripts\;C:\Python311\;C:\Windows\system32;C:\Windows;C:\Windows\System32\Wbem;C:\Windows\System32\WindowsPowerShell\v1.0\;C:\Windows\System32\OpenSSH\;C:\ProgramData\chocolatey\bin;C:\Program Files\NVIDIA Corporation\NVIDIA NvDLISR;C:\Program Files (x86)\NVIDIA Corporation\PhysX\Common;C:\ProgramData\nvm;C:\Program Files\nodejs;C:\Program Files\PowerShell\7\;C:\Program Files\dotnet\;C:\Program Files (x86)\Microsoft Visual Studio\2022\BuildTools\MSBuild\Current\Bin;C:\Users\Khoa\AppData\Local\Microsoft\WindowsApps;C:\Users\Khoa\AppData\Local\Programs\Microsoft VS Code Insiders\bin;C:\ProgramData\nvm;C:\Program Files\nodejs;C:\Users\Khoa\.dotnet\tools

Yarn version: 
  1.22.19

Node version: 
  18.17.0

Platform: 
  win32 x64

Trace: 
  Error: canceled
      at Interface.<anonymous> (C:\ProgramData\nvm\v18.17.0\node_modules\yarn\lib\cli.js:137150:13)
      at Interface.emit (node:events:514:28)
      at [_ttyWrite] [as _ttyWrite] (node:internal/readline/interface:1131:18)
      at ReadStream.onkeypress (node:internal/readline/interface:270:20)
      at ReadStream.emit (node:events:514:28)
      at emitKeys (node:internal/readline/utils:357:14)
      at emitKeys.next (<anonymous>)
      at ReadStream.onData (node:internal/readline/emitKeypressEvents:64:36)
      at ReadStream.emit (node:events:514:28)
      at addChunk (node:internal/streams/readable:324:12)

npm manifest: 
  {
  	"name": "valyse.net",
  	"version": "0.0.1",
  	"private": true,
  	"scripts": {
  		"dev": "vite dev",
  		"build": "vite build",
  		"preview": "vite preview",
  		"check": "svelte-kit sync && svelte-check --tsconfig ./tsconfig.json",
  		"check:watch": "svelte-kit sync && svelte-check --tsconfig ./tsconfig.json --watch",
  		"lint": "prettier --plugin-search-dir . --check . && eslint .",
  		"format": "prettier --plugin-search-dir . --write ."
  	},
  	"devDependencies": {
  		"@sveltejs/adapter-auto": "^2.0.0",
  		"@sveltejs/kit": "^1.20.4",
  		"@typescript-eslint/eslint-plugin": "^5.45.0",
  		"@typescript-eslint/parser": "^5.45.0",
  		"eslint": "^8.28.0",
  		"eslint-config-prettier": "^8.5.0",
  		"eslint-plugin-svelte": "^2.30.0",
  		"prettier": "^2.8.0",
  		"prettier-plugin-svelte": "^2.10.1",
  		"svelte": "^4.0.5",
  		"svelte-check": "^3.4.3",
  		"tslib": "^2.4.1",
  		"typescript": "^5.0.0",
  		"vite": "^4.4.2"
  	},
  	"type": "module"
  }

yarn manifest: 
  No manifest

Lockfile: 
  No lockfile
